2024-03-25 09:05:19,113 INFO o.a.j.u.JMeterUtils: Setting Locale to en_EN
2024-03-25 09:05:19,131 INFO o.a.j.JMeter: Loading user properties from: user.properties
2024-03-25 09:05:19,131 INFO o.a.j.JMeter: Loading system properties from: system.properties
2024-03-25 09:05:19,136 INFO o.a.j.JMeter: Copyright (c) 1998-2024 The Apache Software Foundation
2024-03-25 09:05:19,136 INFO o.a.j.JMeter: Version 5.6.3
2024-03-25 09:05:19,136 INFO o.a.j.JMeter: java.version=22
2024-03-25 09:05:19,136 INFO o.a.j.JMeter: java.vm.name=Java HotSpot(TM) 64-Bit Server VM
2024-03-25 09:05:19,137 INFO o.a.j.JMeter: os.name=Linux
2024-03-25 09:05:19,137 INFO o.a.j.JMeter: os.arch=amd64
2024-03-25 09:05:19,137 INFO o.a.j.JMeter: os.version=6.8.1-060801-generic
2024-03-25 09:05:19,137 INFO o.a.j.JMeter: file.encoding=UTF-8
2024-03-25 09:05:19,137 INFO o.a.j.JMeter: java.awt.headless=null
2024-03-25 09:05:19,137 INFO o.a.j.JMeter: Max memory     =1073741824
2024-03-25 09:05:19,137 INFO o.a.j.JMeter: Available Processors =8
2024-03-25 09:05:19,148 INFO o.a.j.JMeter: Default Locale=English (EN)
2024-03-25 09:05:19,148 INFO o.a.j.JMeter: JMeter  Locale=English (EN)
2024-03-25 09:05:19,148 INFO o.a.j.JMeter: JMeterHome=/home/user/Projects/my/otus-work/apache-jmeter-5.6.3
2024-03-25 09:05:19,148 INFO o.a.j.JMeter: user.dir  =/home/user/Projects/my/otus-work/apache-jmeter-5.6.3/bin
2024-03-25 09:05:19,148 INFO o.a.j.JMeter: PWD       =/home/user/Projects/my/otus-work/apache-jmeter-5.6.3/bin
2024-03-25 09:05:19,149 INFO o.a.j.JMeter: IP: 127.0.1.1 Name: RDP-NB-141 FullName: RDP-NB-141
2024-03-25 09:05:19,161 INFO o.a.j.JMeter: Loaded icon properties from org/apache/jmeter/images/icon.properties
2024-03-25 09:05:19,327 INFO o.a.j.JMeterGuiLauncher: Setting LAF to: com.github.weisj.darklaf.DarkLaf:com.github.weisj.darklaf.theme.DarculaTheme
